2026-02-10T07:32:36.091611Z	Cloning repository...
2026-02-10T07:32:37.796007Z	From https://github.com/gsinghjay/astro-shadcn-sanity
2026-02-10T07:32:37.796523Z	 * branch            a33b81f2d89eb788347077aa26297c14277a8b0a -> FETCH_HEAD
2026-02-10T07:32:37.796628Z	
2026-02-10T07:32:37.946454Z	HEAD is now at a33b81f fix: use fast-forward merge in sync-main workflow to prevent drift
2026-02-10T07:32:37.946842Z	
2026-02-10T07:32:38.016902Z	
2026-02-10T07:32:38.017416Z	Using v2 root directory strategy
2026-02-10T07:32:38.042557Z	Success: Finished cloning repository files
2026-02-10T07:32:39.711315Z	Checking for configuration in a Wrangler configuration file (BETA)
2026-02-10T07:32:39.712213Z	
2026-02-10T07:32:40.826186Z	No wrangler.toml file found. Continuing.
2026-02-10T07:32:40.902779Z	Detected the following tools from environment: nodejs@24.12.0, npm@10.9.2
2026-02-10T07:32:40.903332Z	Installing nodejs 24.12.0
2026-02-10T07:32:42.117249Z	Trying to update node-build... ok
2026-02-10T07:32:42.211716Z	To follow progress, use 'tail -f /tmp/node-build.20260210073242.496.log' or pass --verbose
2026-02-10T07:32:42.292619Z	Downloading node-v24.12.0-linux-x64.tar.gz...
2026-02-10T07:32:42.542331Z	-> https://nodejs.org/dist/v24.12.0/node-v24.12.0-linux-x64.tar.gz
2026-02-10T07:32:44.537392Z	Installing node-v24.12.0-linux-x64...
2026-02-10T07:32:45.008519Z	Installed node-v24.12.0-linux-x64 to /opt/buildhome/.asdf/installs/nodejs/24.12.0
2026-02-10T07:32:45.008781Z	
2026-02-10T07:32:45.932422Z	Installing project dependencies: npm clean-install --progress=false
2026-02-10T07:32:52.212509Z	npm warn deprecated lodash.isequal@4.5.0: This package is deprecated. Use require('node:util').isDeepStrictEqual instead.
2026-02-10T07:32:52.608268Z	npm warn deprecated inflight@1.0.6: This module is not supported, and leaks memory. Do not use it. Check out lru-cache if you want a good and tested way to coalesce async requests by a key value, which is much more comprehensive and powerful.
2026-02-10T07:32:52.941078Z	npm warn deprecated glob@7.2.3: Old versions of glob are not supported, and contain widely publicized security vulnerabilities, which have been fixed in the current version. Please update. Support for old versions may be purchased (at exorbitant rates) by contacting i@izs.me
2026-02-10T07:32:53.838323Z	npm warn deprecated node-domexception@1.0.0: Use your platform's native DOMException instead
2026-02-10T07:32:54.024517Z	npm warn deprecated fstream@1.0.12: This package is no longer supported.
2026-02-10T07:32:58.174394Z	npm warn deprecated rimraf@2.7.1: Rimraf versions prior to v4 are no longer supported
2026-02-10T07:33:17.595897Z	
2026-02-10T07:33:17.596161Z	added 2142 packages, and audited 2145 packages in 31s
2026-02-10T07:33:17.59643Z	
2026-02-10T07:33:17.596552Z	512 packages are looking for funding
2026-02-10T07:33:17.596697Z	  run `npm fund` for details
2026-02-10T07:33:17.665765Z	
2026-02-10T07:33:17.666086Z	20 vulnerabilities (1 low, 15 moderate, 4 high)
2026-02-10T07:33:17.666291Z	
2026-02-10T07:33:17.666448Z	To address issues that do not require attention, run:
2026-02-10T07:33:17.666592Z	  npm audit fix
2026-02-10T07:33:17.666759Z	
2026-02-10T07:33:17.666892Z	To address all issues (including breaking changes), run:
2026-02-10T07:33:17.667041Z	  npm audit fix --force
2026-02-10T07:33:17.667172Z	
2026-02-10T07:33:17.66731Z	Run `npm audit` for details.
2026-02-10T07:33:17.714731Z	Executing user command: npm run build --workspace=astro-app
2026-02-10T07:33:18.119608Z	
2026-02-10T07:33:18.12003Z	> app@0.0.1 build
2026-02-10T07:33:18.120198Z	> astro check && astro build
2026-02-10T07:33:18.120341Z	
2026-02-10T07:33:20.700914Z	[2m07:33:20[22m [34m[@astrojs/cloudflare][39m Enabling sessions with Cloudflare KV with the "SESSION" KV binding.
2026-02-10T07:33:20.701258Z	[2m07:33:20[22m [34m[@astrojs/cloudflare][39m If you see the error "Invalid binding `SESSION`" in your build output, you need to add the binding to your wrangler config file.
2026-02-10T07:33:20.710397Z	[33m[1m07:33:20[22m [WARN] [adapter][39m Cloudflare does not support sharp at runtime. However, you can configure `imageService: "compile"` to optimize images with sharp on prerendered pages during build time.
2026-02-10T07:33:20.881205Z	[2m07:33:20[22m [34m[content][39m Syncing content
2026-02-10T07:33:20.885474Z	[2m07:33:20[22m [34m[content][39m Synced content
2026-02-10T07:33:20.886451Z	[2m07:33:20[22m [34m[types][39m Generated [2m176ms[22m
2026-02-10T07:33:20.89335Z	[2m07:33:20[22m [34m[check][39m Getting diagnostics for Astro files in /opt/buildhome/repo/astro-app...
2026-02-10T07:33:28.322408Z	[96msrc/scripts/main.ts[0m:[93m33[0m:[93m11[0m - [93mwarning[0m[90m ts(6133): [0m'successMsg' is declared but its value is never read.
2026-02-10T07:33:28.322636Z	
2026-02-10T07:33:28.322719Z	[7m33[0m     const successMsg = form.querySelector('[data-form-success]') as HTMLElement | null;
2026-02-10T07:33:28.322781Z	[7m  [0m [93m          ~~~~~~~~~~[0m
2026-02-10T07:33:28.323125Z	
2026-02-10T07:33:34.172075Z	[96msrc/layouts/Layout.astro[0m:[93m55[0m:[93m17[0m - [93mwarning[0m[90m astro(4000): [0mThis script will be treated as if it has the `is:inline` directive because it contains an attribute. Therefore, features that require processing (e.g. using TypeScript or npm packages in the script) are unavailable.
2026-02-10T07:33:34.172468Z	
2026-02-10T07:33:34.172586Z	See docs for more details: https://docs.astro.build/en/guides/client-side-scripts/#script-processing.
2026-02-10T07:33:34.172744Z	
2026-02-10T07:33:34.172887Z	Add the `is:inline` directive explicitly to silence this hint.
2026-02-10T07:33:34.173046Z	
2026-02-10T07:33:34.173228Z	[7m55[0m         <script define:vars={{ gaId }}>
2026-02-10T07:33:34.173312Z	[7m  [0m [93m                ~~~~~~~~~~~[0m
2026-02-10T07:33:34.173438Z	[96msrc/layouts/Layout.astro[0m:[93m54[0m:[93m17[0m - [93mwarning[0m[90m astro(4000): [0mThis script will be treated as if it has the `is:inline` directive because it contains an attribute. Therefore, features that require processing (e.g. using TypeScript or npm packages in the script) are unavailable.
2026-02-10T07:33:34.173565Z	
2026-02-10T07:33:34.17375Z	See docs for more details: https://docs.astro.build/en/guides/client-side-scripts/#script-processing.
2026-02-10T07:33:34.173838Z	
2026-02-10T07:33:34.173965Z	Add the `is:inline` directive explicitly to silence this hint.
2026-02-10T07:33:34.174131Z	
2026-02-10T07:33:34.174278Z	[7m54[0m         <script async src={`https://www.googletagmanager.com/gtag/js?id=${gaId}`}></script>
2026-02-10T07:33:34.174356Z	[7m  [0m [93m                ~~~~~[0m
2026-02-10T07:33:34.174453Z	
2026-02-10T07:33:34.337262Z	Result (510 files): 
2026-02-10T07:33:34.337531Z	- 0 errors
2026-02-10T07:33:34.337715Z	- 0 warnings
2026-02-10T07:33:34.337826Z	- 3 hints
2026-02-10T07:33:34.337947Z	
2026-02-10T07:33:36.559839Z	[2m07:33:36[22m [34m[@astrojs/cloudflare][39m Enabling sessions with Cloudflare KV with the "SESSION" KV binding.
2026-02-10T07:33:36.560223Z	[2m07:33:36[22m [34m[@astrojs/cloudflare][39m If you see the error "Invalid binding `SESSION`" in your build output, you need to add the binding to your wrangler config file.
2026-02-10T07:33:36.570298Z	[33m[1m07:33:36[22m [WARN] [adapter][39m Cloudflare does not support sharp at runtime. However, you can configure `imageService: "compile"` to optimize images with sharp on prerendered pages during build time.
2026-02-10T07:33:36.635243Z	[2m07:33:36[22m [34m[content][39m Syncing content
2026-02-10T07:33:36.638964Z	[2m07:33:36[22m [34m[content][39m Synced content
2026-02-10T07:33:36.639672Z	[2m07:33:36[22m [34m[types][39m Generated [2m50ms[22m
2026-02-10T07:33:36.640058Z	[2m07:33:36[22m [34m[build][39m output: [34m"server"[39m
2026-02-10T07:33:36.640225Z	[2m07:33:36[22m [34m[build][39m mode: [34m"server"[39m
2026-02-10T07:33:36.640293Z	[2m07:33:36[22m [34m[build][39m directory: [34m/opt/buildhome/repo/astro-app/dist/[39m
2026-02-10T07:33:36.640434Z	[2m07:33:36[22m [34m[build][39m adapter: [32m@astrojs/cloudflare[39m
2026-02-10T07:33:36.640647Z	[2m07:33:36[22m [34m[build][39m Collecting build info...
2026-02-10T07:33:36.64073Z	[2m07:33:36[22m [34m[build][39m [32mâœ“ Completed in 82ms.[39m
2026-02-10T07:33:36.641824Z	[2m07:33:36[22m [34m[build][39m Building server entrypoints...
2026-02-10T07:33:37.548668Z	[33m[1m07:33:37[22m [WARN] [router][39m getStaticPaths() ignored in dynamic page [1m/src/pages/[...slug].astro[22m. Add `export const prerender = true;` to prerender the page as static HTML during the build process.
2026-02-10T07:34:00.309008Z	[2m07:34:00[22m [34m[vite][39m [32mâœ“ built in 23.63s[39m
2026-02-10T07:34:00.309275Z	[2m07:34:00[22m [34m[build][39m [32mâœ“ Completed in 23.67s.[39m
2026-02-10T07:34:00.310078Z	
2026-02-10T07:34:00.310247Z	[42m[30m building client (vite) [39m[49m
2026-02-10T07:34:00.319145Z	[2m07:34:00[22m [34m[vite][39m transforming...
2026-02-10T07:34:03.675003Z	[2m07:34:03[22m [34m[vite][39m [32mâœ“[39m 1499 modules transformed.
2026-02-10T07:34:03.828204Z	[2m07:34:03[22m [34m[vite][39m rendering chunks...
2026-02-10T07:34:04.017575Z	[2m07:34:04[22m [34m[vite][39m computing gzip size...
2026-02-10T07:34:04.037778Z	[2m07:34:04[22m [34m[vite][39m [2mdist/[22m[2m_astro/[22m[36mvisual-editing-component.DMEZACRv.js  [39m[1m[2m  0.12 kB[22m[1m[22m[2m â”‚ gzip:   0.12 kB[22m
2026-02-10T07:34:04.038043Z	[2m07:34:04[22m [34m[vite][39m [2mdist/[22m[2m_astro/[22m[36mindex.TADaxAQ8.js                     [39m[1m[2m 11.96 kB[22m[1m[22m[2m â”‚ gzip:   4.28 kB[22m
2026-02-10T07:34:04.038233Z	[2m07:34:04[22m [34m[vite][39m [2mdist/[22m[2m_astro/[22m[36mrefractor.CNT2iKKS.js                 [39m[1m[2m 44.31 kB[22m[1m[22m[2m â”‚ gzip:  17.59 kB[22m
2026-02-10T07:34:04.038429Z	[2m07:34:04[22m [34m[vite][39m [2mdist/[22m[2m_astro/[22m[36mclient.Doi7Q7EA.js                    [39m[1m[2m182.70 kB[22m[1m[22m[2m â”‚ gzip:  57.60 kB[22m
2026-02-10T07:34:04.038564Z	[2m07:34:04[22m [34m[vite][39m [2mdist/[22m[2m_astro/[22m[36mvisual-editing-component.BBscf98H.js  [39m[1m[33m672.79 kB[39m[22m[2m â”‚ gzip: 215.50 kB[22m
2026-02-10T07:34:04.038703Z	[33m[1m07:34:04[22m [WARN] [vite][39m [33m
2026-02-10T07:34:04.038828Z	(!) Some chunks are larger than 500 kB after minification. Consider:
2026-02-10T07:34:04.038948Z	- Using dynamic import() to code-split the application
2026-02-10T07:34:04.039069Z	- Use build.rollupOptions.output.manualChunks to improve chunking: https://rollupjs.org/configuration-options/#output-manualchunks
2026-02-10T07:34:04.039223Z	- Adjust chunk size limit for this warning via build.chunkSizeWarningLimit.[39m
2026-02-10T07:34:04.039351Z	[2m07:34:04[22m [34m[vite][39m [32mâœ“ built in 3.72s[39m
2026-02-10T07:34:04.068399Z	
2026-02-10T07:34:04.068676Z	[42m[30m prerendering static routes [39m[49m
2026-02-10T07:34:04.139069Z	[2m07:34:04[22m [32mâ–¶[39m src/pages/about.astro
2026-02-10T07:34:04.613202Z	[2m07:34:04[22m   [34mâ””â”€[39m [2m/about/index.html[22m [2m(+474ms)[22m 
2026-02-10T07:34:04.615088Z	[2m07:34:04[22m [32mâ–¶[39m src/pages/contact.astro
2026-02-10T07:34:05.786835Z	[2m07:34:04[22m   [34mâ””â”€[39m [2m/contact/index.html[22m [31m(+1.17s)[39m 
2026-02-10T07:34:05.78924Z	[2m07:34:05[22m [32mâ–¶[39m src/pages/projects.astro
2026-02-10T07:34:06.550748Z	[2m07:34:05[22m   [34mâ””â”€[39m [2m/projects/index.html[22m [31m(+761ms)[39m 
2026-02-10T07:34:06.552915Z	[2m07:34:06[22m [32mâ–¶[39m src/pages/sponsors.astro
2026-02-10T07:34:06.901725Z	[2m07:34:06[22m   [34mâ””â”€[39m [2m/sponsors/index.html[22m [2m(+349ms)[22m 
2026-02-10T07:34:06.902026Z	[2m07:34:06[22m [32mâœ“ Completed in 2.86s.
2026-02-10T07:34:06.902238Z	[39m
2026-02-10T07:34:06.903235Z	[2m07:34:06[22m [34m[build][39m Rearranging server assets...
2026-02-10T07:34:06.909142Z	[2m07:34:06[22m [34m[build][39m Server built in [1m30.35s[22m
2026-02-10T07:34:06.909326Z	[2m07:34:06[22m [34m[build][39m [1mComplete![22m
2026-02-10T07:34:06.967976Z	Finished
2026-02-10T07:34:07.809821Z	Checking for configuration in a Wrangler configuration file (BETA)
2026-02-10T07:34:07.810411Z	
2026-02-10T07:34:08.918056Z	No wrangler.toml file found. Continuing.
2026-02-10T07:34:08.918907Z	Found _worker.js in output directory. Uploading.
2026-02-10T07:34:08.924219Z	 â›…ï¸ wrangler 3.101.0
2026-02-10T07:34:08.924419Z	-------------------
2026-02-10T07:34:09.706828Z	Attaching additional modules:
2026-02-10T07:34:09.716339Z	â”Œâ”€â”€â”€â”€â”€â”€â”€â”€â”€â”€â”€â”€â”€â”€â”€â”€â”€â”€â”€â”€â”€â”€â”€â”€â”€â”€â”€â”€â”€â”€â”€â”€â”€â”€â”€â”€â”€â”€â”€â”€â”€â”€â”€â”€â”€â”€â”€â”€â”¬â”€â”€â”€â”€â”€â”€â”¬â”€â”€â”€â”€â”€â”€â”€â”€â”€â”€â”€â”€â”€â”
2026-02-10T07:34:09.71657Z	â”‚ Name                                           â”‚ Type â”‚ Size        â”‚
2026-02-10T07:34:09.716708Z	â”œâ”€â”€â”€â”€â”€â”€â”€â”€â”€â”€â”€â”€â”€â”€â”€â”€â”€â”€â”€â”€â”€â”€â”€â”€â”€â”€â”€â”€â”€â”€â”€â”€â”€â”€â”€â”€â”€â”€â”€â”€â”€â”€â”€â”€â”€â”€â”€â”€â”¼â”€â”€â”€â”€â”€â”€â”¼â”€â”€â”€â”€â”€â”€â”€â”€â”€â”€â”€â”€â”€â”¤
2026-02-10T07:34:09.71683Z	â”‚ _@astrojs-ssr-adapter.mjs                      â”‚ esm  â”‚ 0.14 KiB    â”‚
2026-02-10T07:34:09.716947Z	â”œâ”€â”€â”€â”€â”€â”€â”€â”€â”€â”€â”€â”€â”€â”€â”€â”€â”€â”€â”€â”€â”€â”€â”€â”€â”€â”€â”€â”€â”€â”€â”€â”€â”€â”€â”€â”€â”€â”€â”€â”€â”€â”€â”€â”€â”€â”€â”€â”€â”¼â”€â”€â”€â”€â”€â”€â”¼â”€â”€â”€â”€â”€â”€â”€â”€â”€â”€â”€â”€â”€â”¤
2026-02-10T07:34:09.717074Z	â”‚ _astro-internal_middleware.mjs                 â”‚ esm  â”‚ 0.45 KiB    â”‚
2026-02-10T07:34:09.717207Z	â”œâ”€â”€â”€â”€â”€â”€â”€â”€â”€â”€â”€â”€â”€â”€â”€â”€â”€â”€â”€â”€â”€â”€â”€â”€â”€â”€â”€â”€â”€â”€â”€â”€â”€â”€â”€â”€â”€â”€â”€â”€â”€â”€â”€â”€â”€â”€â”€â”€â”¼â”€â”€â”€â”€â”€â”€â”¼â”€â”€â”€â”€â”€â”€â”€â”€â”€â”€â”€â”€â”€â”¤
2026-02-10T07:34:09.717316Z	â”‚ chunks/BlockRenderer_Dyu7c3QS.mjs              â”‚ esm  â”‚ 5987.67 KiB â”‚
2026-02-10T07:34:09.717436Z	â”œâ”€â”€â”€â”€â”€â”€â”€â”€â”€â”€â”€â”€â”€â”€â”€â”€â”€â”€â”€â”€â”€â”€â”€â”€â”€â”€â”€â”€â”€â”€â”€â”€â”€â”€â”€â”€â”€â”€â”€â”€â”€â”€â”€â”€â”€â”€â”€â”€â”¼â”€â”€â”€â”€â”€â”€â”¼â”€â”€â”€â”€â”€â”€â”€â”€â”€â”€â”€â”€â”€â”¤
2026-02-10T07:34:09.717537Z	â”‚ chunks/_@astrojs-ssr-adapter_MR0sfsYf.mjs      â”‚ esm  â”‚ 39.28 KiB   â”‚
2026-02-10T07:34:09.717652Z	â”œâ”€â”€â”€â”€â”€â”€â”€â”€â”€â”€â”€â”€â”€â”€â”€â”€â”€â”€â”€â”€â”€â”€â”€â”€â”€â”€â”€â”€â”€â”€â”€â”€â”€â”€â”€â”€â”€â”€â”€â”€â”€â”€â”€â”€â”€â”€â”€â”€â”¼â”€â”€â”€â”€â”€â”€â”¼â”€â”€â”€â”€â”€â”€â”€â”€â”€â”€â”€â”€â”€â”¤
2026-02-10T07:34:09.717827Z	â”‚ chunks/_astro_assets_CFSFb8i-.mjs              â”‚ esm  â”‚ 65.68 KiB   â”‚
2026-02-10T07:34:09.71796Z	â”œâ”€â”€â”€â”€â”€â”€â”€â”€â”€â”€â”€â”€â”€â”€â”€â”€â”€â”€â”€â”€â”€â”€â”€â”€â”€â”€â”€â”€â”€â”€â”€â”€â”€â”€â”€â”€â”€â”€â”€â”€â”€â”€â”€â”€â”€â”€â”€â”€â”¼â”€â”€â”€â”€â”€â”€â”¼â”€â”€â”€â”€â”€â”€â”€â”€â”€â”€â”€â”€â”€â”¤
2026-02-10T07:34:09.718074Z	â”‚ chunks/astro/server_BqtuQno0.mjs               â”‚ esm  â”‚ 247.59 KiB  â”‚
2026-02-10T07:34:09.71838Z	â”œâ”€â”€â”€â”€â”€â”€â”€â”€â”€â”€â”€â”€â”€â”€â”€â”€â”€â”€â”€â”€â”€â”€â”€â”€â”€â”€â”€â”€â”€â”€â”€â”€â”€â”€â”€â”€â”€â”€â”€â”€â”€â”€â”€â”€â”€â”€â”€â”€â”¼â”€â”€â”€â”€â”€â”€â”¼â”€â”€â”€â”€â”€â”€â”€â”€â”€â”€â”€â”€â”€â”¤
2026-02-10T07:34:09.718527Z	â”‚ chunks/astro-designed-error-pages_FnECgQ4f.mjs â”‚ esm  â”‚ 41.11 KiB   â”‚
2026-02-10T07:34:09.718648Z	â”œâ”€â”€â”€â”€â”€â”€â”€â”€â”€â”€â”€â”€â”€â”€â”€â”€â”€â”€â”€â”€â”€â”€â”€â”€â”€â”€â”€â”€â”€â”€â”€â”€â”€â”€â”€â”€â”€â”€â”€â”€â”€â”€â”€â”€â”€â”€â”€â”€â”¼â”€â”€â”€â”€â”€â”€â”¼â”€â”€â”€â”€â”€â”€â”€â”€â”€â”€â”€â”€â”€â”¤
2026-02-10T07:34:09.718756Z	â”‚ chunks/browser_Cs-KMx_x.mjs                    â”‚ esm  â”‚ 37.02 KiB   â”‚
2026-02-10T07:34:09.718855Z	â”œâ”€â”€â”€â”€â”€â”€â”€â”€â”€â”€â”€â”€â”€â”€â”€â”€â”€â”€â”€â”€â”€â”€â”€â”€â”€â”€â”€â”€â”€â”€â”€â”€â”€â”€â”€â”€â”€â”€â”€â”€â”€â”€â”€â”€â”€â”€â”€â”€â”¼â”€â”€â”€â”€â”€â”€â”¼â”€â”€â”€â”€â”€â”€â”€â”€â”€â”€â”€â”€â”€â”¤
2026-02-10T07:34:09.71896Z	â”‚ chunks/cloudflare-kv-binding_DMly_2Gl.mjs      â”‚ esm  â”‚ 2.94 KiB    â”‚
2026-02-10T07:34:09.719066Z	â”œâ”€â”€â”€â”€â”€â”€â”€â”€â”€â”€â”€â”€â”€â”€â”€â”€â”€â”€â”€â”€â”€â”€â”€â”€â”€â”€â”€â”€â”€â”€â”€â”€â”€â”€â”€â”€â”€â”€â”€â”€â”€â”€â”€â”€â”€â”€â”€â”€â”¼â”€â”€â”€â”€â”€â”€â”¼â”€â”€â”€â”€â”€â”€â”€â”€â”€â”€â”€â”€â”€â”¤
2026-02-10T07:34:09.719369Z	â”‚ chunks/index_BrZ3H7QL.mjs                      â”‚ esm  â”‚ 117.92 KiB  â”‚
2026-02-10T07:34:09.72043Z	â”œâ”€â”€â”€â”€â”€â”€â”€â”€â”€â”€â”€â”€â”€â”€â”€â”€â”€â”€â”€â”€â”€â”€â”€â”€â”€â”€â”€â”€â”€â”€â”€â”€â”€â”€â”€â”€â”€â”€â”€â”€â”€â”€â”€â”€â”€â”€â”€â”€â”¼â”€â”€â”€â”€â”€â”€â”¼â”€â”€â”€â”€â”€â”€â”€â”€â”€â”€â”€â”€â”€â”¤
2026-02-10T07:34:09.721006Z	â”‚ chunks/noop-middleware_Bo0uFxmG.mjs            â”‚ esm  â”‚ 0.33 KiB    â”‚
2026-02-10T07:34:09.721229Z	â”œâ”€â”€â”€â”€â”€â”€â”€â”€â”€â”€â”€â”€â”€â”€â”€â”€â”€â”€â”€â”€â”€â”€â”€â”€â”€â”€â”€â”€â”€â”€â”€â”€â”€â”€â”€â”€â”€â”€â”€â”€â”€â”€â”€â”€â”€â”€â”€â”€â”¼â”€â”€â”€â”€â”€â”€â”¼â”€â”€â”€â”€â”€â”€â”€â”€â”€â”€â”€â”€â”€â”¤
2026-02-10T07:34:09.721418Z	â”‚ chunks/path_CH3auf61.mjs                       â”‚ esm  â”‚ 3.01 KiB    â”‚
2026-02-10T07:34:09.721533Z	â”œâ”€â”€â”€â”€â”€â”€â”€â”€â”€â”€â”€â”€â”€â”€â”€â”€â”€â”€â”€â”€â”€â”€â”€â”€â”€â”€â”€â”€â”€â”€â”€â”€â”€â”€â”€â”€â”€â”€â”€â”€â”€â”€â”€â”€â”€â”€â”€â”€â”¼â”€â”€â”€â”€â”€â”€â”¼â”€â”€â”€â”€â”€â”€â”€â”€â”€â”€â”€â”€â”€â”¤
2026-02-10T07:34:09.721685Z	â”‚ chunks/remote_CrdlObHx.mjs                     â”‚ esm  â”‚ 2.21 KiB    â”‚
2026-02-10T07:34:09.721791Z	â”œâ”€â”€â”€â”€â”€â”€â”€â”€â”€â”€â”€â”€â”€â”€â”€â”€â”€â”€â”€â”€â”€â”€â”€â”€â”€â”€â”€â”€â”€â”€â”€â”€â”€â”€â”€â”€â”€â”€â”€â”€â”€â”€â”€â”€â”€â”€â”€â”€â”¼â”€â”€â”€â”€â”€â”€â”¼â”€â”€â”€â”€â”€â”€â”€â”€â”€â”€â”€â”€â”€â”¤
2026-02-10T07:34:09.721911Z	â”‚ chunks/sharp_BoQpYKwr.mjs                      â”‚ esm  â”‚ 3.09 KiB    â”‚
2026-02-10T07:34:09.722018Z	â”œâ”€â”€â”€â”€â”€â”€â”€â”€â”€â”€â”€â”€â”€â”€â”€â”€â”€â”€â”€â”€â”€â”€â”€â”€â”€â”€â”€â”€â”€â”€â”€â”€â”€â”€â”€â”€â”€â”€â”€â”€â”€â”€â”€â”€â”€â”€â”€â”€â”¼â”€â”€â”€â”€â”€â”€â”¼â”€â”€â”€â”€â”€â”€â”€â”€â”€â”€â”€â”€â”€â”¤
2026-02-10T07:34:09.722215Z	â”‚ chunks/stegaEncodeSourceMap_C0-K4E3X.mjs       â”‚ esm  â”‚ 14.82 KiB   â”‚
2026-02-10T07:34:09.722424Z	â”œâ”€â”€â”€â”€â”€â”€â”€â”€â”€â”€â”€â”€â”€â”€â”€â”€â”€â”€â”€â”€â”€â”€â”€â”€â”€â”€â”€â”€â”€â”€â”€â”€â”€â”€â”€â”€â”€â”€â”€â”€â”€â”€â”€â”€â”€â”€â”€â”€â”¼â”€â”€â”€â”€â”€â”€â”¼â”€â”€â”€â”€â”€â”€â”€â”€â”€â”€â”€â”€â”€â”¤
2026-02-10T07:34:09.722578Z	â”‚ manifest_BFWraVIs.mjs                          â”‚ esm  â”‚ 18.50 KiB   â”‚
2026-02-10T07:34:09.722687Z	â”œâ”€â”€â”€â”€â”€â”€â”€â”€â”€â”€â”€â”€â”€â”€â”€â”€â”€â”€â”€â”€â”€â”€â”€â”€â”€â”€â”€â”€â”€â”€â”€â”€â”€â”€â”€â”€â”€â”€â”€â”€â”€â”€â”€â”€â”€â”€â”€â”€â”¼â”€â”€â”€â”€â”€â”€â”¼â”€â”€â”€â”€â”€â”€â”€â”€â”€â”€â”€â”€â”€â”¤
2026-02-10T07:34:09.722826Z	â”‚ noop-entrypoint.mjs                            â”‚ esm  â”‚ 0.09 KiB    â”‚
2026-02-10T07:34:09.722933Z	â”œâ”€â”€â”€â”€â”€â”€â”€â”€â”€â”€â”€â”€â”€â”€â”€â”€â”€â”€â”€â”€â”€â”€â”€â”€â”€â”€â”€â”€â”€â”€â”€â”€â”€â”€â”€â”€â”€â”€â”€â”€â”€â”€â”€â”€â”€â”€â”€â”€â”¼â”€â”€â”€â”€â”€â”€â”¼â”€â”€â”€â”€â”€â”€â”€â”€â”€â”€â”€â”€â”€â”¤
2026-02-10T07:34:09.723038Z	â”‚ pages/_---slug_.astro.mjs                      â”‚ esm  â”‚ 3.87 KiB    â”‚
2026-02-10T07:34:09.723165Z	â”œâ”€â”€â”€â”€â”€â”€â”€â”€â”€â”€â”€â”€â”€â”€â”€â”€â”€â”€â”€â”€â”€â”€â”€â”€â”€â”€â”€â”€â”€â”€â”€â”€â”€â”€â”€â”€â”€â”€â”€â”€â”€â”€â”€â”€â”€â”€â”€â”€â”¼â”€â”€â”€â”€â”€â”€â”¼â”€â”€â”€â”€â”€â”€â”€â”€â”€â”€â”€â”€â”€â”¤
2026-02-10T07:34:09.723279Z	â”‚ pages/_image.astro.mjs                         â”‚ esm  â”‚ 1.13 KiB    â”‚
2026-02-10T07:34:09.723445Z	â”œâ”€â”€â”€â”€â”€â”€â”€â”€â”€â”€â”€â”€â”€â”€â”€â”€â”€â”€â”€â”€â”€â”€â”€â”€â”€â”€â”€â”€â”€â”€â”€â”€â”€â”€â”€â”€â”€â”€â”€â”€â”€â”€â”€â”€â”€â”€â”€â”€â”¼â”€â”€â”€â”€â”€â”€â”¼â”€â”€â”€â”€â”€â”€â”€â”€â”€â”€â”€â”€â”€â”¤
2026-02-10T07:34:09.723582Z	â”‚ pages/about.astro.mjs                          â”‚ esm  â”‚ 0.06 KiB    â”‚
2026-02-10T07:34:09.723732Z	â”œâ”€â”€â”€â”€â”€â”€â”€â”€â”€â”€â”€â”€â”€â”€â”€â”€â”€â”€â”€â”€â”€â”€â”€â”€â”€â”€â”€â”€â”€â”€â”€â”€â”€â”€â”€â”€â”€â”€â”€â”€â”€â”€â”€â”€â”€â”€â”€â”€â”¼â”€â”€â”€â”€â”€â”€â”¼â”€â”€â”€â”€â”€â”€â”€â”€â”€â”€â”€â”€â”€â”¤
2026-02-10T07:34:09.723816Z	â”‚ pages/contact.astro.mjs                        â”‚ esm  â”‚ 0.06 KiB    â”‚
2026-02-10T07:34:09.723879Z	â”œâ”€â”€â”€â”€â”€â”€â”€â”€â”€â”€â”€â”€â”€â”€â”€â”€â”€â”€â”€â”€â”€â”€â”€â”€â”€â”€â”€â”€â”€â”€â”€â”€â”€â”€â”€â”€â”€â”€â”€â”€â”€â”€â”€â”€â”€â”€â”€â”€â”¼â”€â”€â”€â”€â”€â”€â”¼â”€â”€â”€â”€â”€â”€â”€â”€â”€â”€â”€â”€â”€â”¤
2026-02-10T07:34:09.723936Z	â”‚ pages/index.astro.mjs                          â”‚ esm  â”‚ 1.35 KiB    â”‚
2026-02-10T07:34:09.723999Z	â”œâ”€â”€â”€â”€â”€â”€â”€â”€â”€â”€â”€â”€â”€â”€â”€â”€â”€â”€â”€â”€â”€â”€â”€â”€â”€â”€â”€â”€â”€â”€â”€â”€â”€â”€â”€â”€â”€â”€â”€â”€â”€â”€â”€â”€â”€â”€â”€â”€â”¼â”€â”€â”€â”€â”€â”€â”¼â”€â”€â”€â”€â”€â”€â”€â”€â”€â”€â”€â”€â”€â”¤
2026-02-10T07:34:09.724063Z	â”‚ pages/projects.astro.mjs                       â”‚ esm  â”‚ 0.06 KiB    â”‚
2026-02-10T07:34:09.724144Z	â”œâ”€â”€â”€â”€â”€â”€â”€â”€â”€â”€â”€â”€â”€â”€â”€â”€â”€â”€â”€â”€â”€â”€â”€â”€â”€â”€â”€â”€â”€â”€â”€â”€â”€â”€â”€â”€â”€â”€â”€â”€â”€â”€â”€â”€â”€â”€â”€â”€â”¼â”€â”€â”€â”€â”€â”€â”¼â”€â”€â”€â”€â”€â”€â”€â”€â”€â”€â”€â”€â”€â”¤
2026-02-10T07:34:09.724205Z	â”‚ pages/sponsors.astro.mjs                       â”‚ esm  â”‚ 0.06 KiB    â”‚
2026-02-10T07:34:09.724275Z	â”œâ”€â”€â”€â”€â”€â”€â”€â”€â”€â”€â”€â”€â”€â”€â”€â”€â”€â”€â”€â”€â”€â”€â”€â”€â”€â”€â”€â”€â”€â”€â”€â”€â”€â”€â”€â”€â”€â”€â”€â”€â”€â”€â”€â”€â”€â”€â”€â”€â”¼â”€â”€â”€â”€â”€â”€â”¼â”€â”€â”€â”€â”€â”€â”€â”€â”€â”€â”€â”€â”€â”¤
2026-02-10T07:34:09.724345Z	â”‚ renderers.mjs                                  â”‚ esm  â”‚ 539.77 KiB  â”‚
2026-02-10T07:34:09.72441Z	â”œâ”€â”€â”€â”€â”€â”€â”€â”€â”€â”€â”€â”€â”€â”€â”€â”€â”€â”€â”€â”€â”€â”€â”€â”€â”€â”€â”€â”€â”€â”€â”€â”€â”€â”€â”€â”€â”€â”€â”€â”€â”€â”€â”€â”€â”€â”€â”€â”€â”¼â”€â”€â”€â”€â”€â”€â”¼â”€â”€â”€â”€â”€â”€â”€â”€â”€â”€â”€â”€â”€â”¤
2026-02-10T07:34:09.724471Z	â”‚ Total (25 modules)                             â”‚      â”‚ 7128.19 KiB â”‚
2026-02-10T07:34:09.724528Z	â””â”€â”€â”€â”€â”€â”€â”€â”€â”€â”€â”€â”€â”€â”€â”€â”€â”€â”€â”€â”€â”€â”€â”€â”€â”€â”€â”€â”€â”€â”€â”€â”€â”€â”€â”€â”€â”€â”€â”€â”€â”€â”€â”€â”€â”€â”€â”€â”€â”´â”€â”€â”€â”€â”€â”€â”´â”€â”€â”€â”€â”€â”€â”€â”€â”€â”€â”€â”€â”€â”˜
2026-02-10T07:34:09.742272Z	âœ¨ Compiled Worker successfully
2026-02-10T07:34:10.883574Z	Found _routes.json in output directory. Uploading.
2026-02-10T07:34:10.892693Z	Validating asset output directory
2026-02-10T07:34:13.651297Z	Deploying your site to Cloudflare's global network...
2026-02-10T07:34:17.01708Z	Parsed 1 valid header rule.
2026-02-10T07:34:18.617083Z	Uploading... (0/24)
2026-02-10T07:34:19.391035Z	Uploading... (8/24)
2026-02-10T07:34:19.462216Z	Uploading... (16/24)
2026-02-10T07:34:19.786238Z	Uploading... (24/24)
2026-02-10T07:34:19.786563Z	âœ¨ Success! Uploaded 24 files (1.94 sec)
2026-02-10T07:34:19.786744Z	
2026-02-10T07:34:20.092345Z	âœ¨ Upload complete!
2026-02-10T07:34:25.149834Z	Success: Assets published!
2026-02-10T07:34:30.026112Z	Success: Your site was deployed!